============================================================
  Generated by:           Genus(TM) Synthesis Solution 20.11-s111_1
  Generated on:           Mar 27 2024  07:48:41 pm
  Module:                 rca
  Operating conditions:   PVT_0P9V_125C (balanced_tree)
  Wireload mode:          enclosed
  Area mode:              timing library
============================================================

Timing
--------

Clock Period 
-------------
clock 5000.0 


  Cost    Critical         Violating 
 Group   Path Slack  TNS     Paths   
-------------------------------------
clock        1862.1   0.0          0 
default    No paths   0.0            
-------------------------------------
Total                 0.0          0 

Instance Count
--------------
Leaf Instance Count             14 
Physical Instance count          0 
Sequential Instance Count        5 
Combinational Instance Count     9 
Hierarchical Instance Count      0 

Area
----
Cell Area                          64.980
Physical Cell Area                 0.000
Total Cell Area (Cell+Physical)    64.980
Net Area                           0.000
Total Area (Cell+Physical+Net)     64.980

Max Fanout                         5 (rst_i)
Min Fanout                         1 (c_i)
Average Fanout                     1.5
Terms to net ratio                 1.9355
Terms to instance ratio            4.2857
Runtime                            9.945872 seconds
Elapsed Runtime                    12 seconds
Genus peak memory usage            1074.52 
Innovus peak memory usage          no_value 
Hostname                           centos.localdomain
